<?xml version="1.0" encoding="UTF-8"?>
<!-- Generated by org.testng.reporters.JUnitReportReporter -->
<testsuite hostname="LAPTOP-5QVNBP5L" failures="0" tests="1" name="trelloendtoend.TrelloCreateAndDeleteBoard" time="32.068" errors="0" timestamp="2023-08-26T22:31:49 IST" skipped="0">
  <testcase classname="trelloendtoend.TrelloCreateAndDeleteBoard" name="CreateAndDeleteBoard" time="32.068"/>
  <system-out>
    <![CDATA[Execution has been started
Clicked on login option
Email has been entered
Clicked on login button
Password has been entered
Clicked on login to continue button
Clicked on Create New Board
Entered the Board Title
Clicked on Create button
Execution has been stopped]]>
  </system-out>
</testsuite> <!-- trelloendtoend.TrelloCreateAndDeleteBoard -->
